c:\users\jerry\desktop\dspassist\m\debug\m.pch
c:\users\jerry\desktop\dspassist\m\debug\vc120.pdb
c:\users\jerry\desktop\dspassist\m\debug\vc120.idb
c:\users\jerry\desktop\dspassist\m\debug\stdafx.obj
c:\users\jerry\desktop\dspassist\m\debug\childfrm.obj
c:\users\jerry\desktop\dspassist\m\debug\classview.obj
c:\users\jerry\desktop\dspassist\m\debug\fileview.obj
c:\users\jerry\desktop\dspassist\m\debug\m.obj
c:\users\jerry\desktop\dspassist\m\debug\mainfrm.obj
c:\users\jerry\desktop\dspassist\m\debug\mdoc.obj
c:\users\jerry\desktop\dspassist\m\debug\mview.obj
c:\users\jerry\desktop\dspassist\m\debug\outputwnd.obj
c:\users\jerry\desktop\dspassist\m\debug\propertieswnd.obj
c:\users\jerry\desktop\dspassist\m\debug\viewtree.obj
c:\users\jerry\desktop\dspassist\debug\m.ilk
c:\users\jerry\desktop\dspassist\debug\m.exe
c:\users\jerry\desktop\dspassist\debug\m.pdb
c:\users\jerry\desktop\dspassist\m\debug\m.res
c:\users\jerry\desktop\dspassist\m\debug\m.tlog\cl.command.1.tlog
c:\users\jerry\desktop\dspassist\m\debug\m.tlog\cl.read.1.tlog
c:\users\jerry\desktop\dspassist\m\debug\m.tlog\cl.write.1.tlog
c:\users\jerry\desktop\dspassist\m\debug\m.tlog\link.command.1.tlog
c:\users\jerry\desktop\dspassist\m\debug\m.tlog\link.read.1.tlog
c:\users\jerry\desktop\dspassist\m\debug\m.tlog\link.write.1.tlog
c:\users\jerry\desktop\dspassist\m\debug\m.tlog\rc.command.1.tlog
c:\users\jerry\desktop\dspassist\m\debug\m.tlog\rc.read.1.tlog
c:\users\jerry\desktop\dspassist\m\debug\m.tlog\rc.write.1.tlog
